Copyright 1986-2022 Xilinx, Inc. All Rights Reserved. Copyright 2022-2025 Advanced Micro Devices, Inc. All Rights Reserved.
---------------------------------------------------------------------------------------------------------------------------------------------
| Tool Version : Vivado v.2025.2 (lin64) Build 6299465 Fri Nov 14 12:34:56 MST 2025
| Date         : Sat Nov 22 13:01:37 2025
| Host         : fasterraster running 64-bit Ubuntu 24.04.3 LTS
| Command      : upgrade_ip
| Device       : xc7z020clg484-1
---------------------------------------------------------------------------------------------------------------------------------------------

Upgrade Log for IP 'samplemem'

1. Summary
----------

SUCCESS in the upgrade of samplemem (xilinx.com:ip:blk_mem_gen:8.4) from (Rev. 11) to (Rev. 12)






Copyright 1986-2022 Xilinx, Inc. All Rights Reserved. Copyright 2022-2025 Advanced Micro Devices, Inc. All Rights Reserved.
---------------------------------------------------------------------------------------------------------------------------------------------
| Tool Version : Vivado v.2025.2 (lin64) Build 6299465 Fri Nov 14 12:34:56 MST 2025
| Date         : Sat Nov 22 13:01:37 2025
| Host         : fasterraster running 64-bit Ubuntu 24.04.3 LTS
| Command      : upgrade_ip
| Device       : xc7z020clg484-1
---------------------------------------------------------------------------------------------------------------------------------------------

Upgrade Log for IP 'cmdfifo'

1. Summary
----------

SUCCESS in the upgrade of cmdfifo (xilinx.com:ip:fifo_generator:13.2) from (Rev. 13) to (Rev. 14)






Copyright 1986-2022 Xilinx, Inc. All Rights Reserved. Copyright 2022-2025 Advanced Micro Devices, Inc. All Rights Reserved.
---------------------------------------------------------------------------------------------------------------------------------------------
| Tool Version : Vivado v.2025.2 (lin64) Build 6299465 Fri Nov 14 12:34:56 MST 2025
| Date         : Sat Nov 22 13:01:37 2025
| Host         : fasterraster running 64-bit Ubuntu 24.04.3 LTS
| Command      : upgrade_ip
| Device       : xc7z020clg484-1
---------------------------------------------------------------------------------------------------------------------------------------------

Upgrade Log for IP 'blockone_processing_system7_0_1'

1. Summary
----------

SUCCESS in the upgrade of blockone_processing_system7_0_1 (xilinx.com:ip:processing_system7:5.5) from (Rev. 7) to (Rev. 8)

2. Upgrade messages
-------------------

WARNING: upgrade cannot add parameter PCW_TRACE_INTERNAL_WIDTH with default value 32 : a parameter called PCW_TRACE_INTERNAL_WIDTH already exists in processing_system7_v5_5
WARNING: upgrade cannot add parameter PCW_USE_AXI_NONSECURE with default value 0 : a parameter called PCW_USE_AXI_NONSECURE already exists in processing_system7_v5_5
WARNING: upgrade cannot add parameter PCW_EN_PTP_ENET0 with default value 1 : a parameter called PCW_EN_PTP_ENET0 already exists in processing_system7_v5_5
WARNING: upgrade cannot add parameter PCW_EN_PTP_ENET0 with default value 1 : a parameter called PCW_EN_PTP_ENET0 already exists in processing_system7_v5_5
WARNING: upgrade cannot add parameter PCW_GP0_NUM_WRITE_THREADS with default value 4 : a parameter called PCW_GP0_NUM_WRITE_THREADS already exists in processing_system7_v5_5
WARNING: upgrade cannot add parameter PCW_GP0_NUM_READ_THREADS with default value 4 : a parameter called PCW_GP0_NUM_READ_THREADS already exists in processing_system7_v5_5
WARNING: upgrade cannot add parameter PCW_GP1_NUM_WRITE_THREADS with default value 4 : a parameter called PCW_GP1_NUM_WRITE_THREADS already exists in processing_system7_v5_5
WARNING: upgrade cannot add parameter PCW_GP1_NUM_READ_THREADS with default value 4 : a parameter called PCW_GP1_NUM_READ_THREADS already exists in processing_system7_v5_5
WARNING: upgrade cannot add parameter PCW_GP0_EN_MODIFIABLE_TXN with default value 0 : a parameter called PCW_GP0_EN_MODIFIABLE_TXN already exists in processing_system7_v5_5
WARNING: upgrade cannot add parameter PCW_GP1_EN_MODIFIABLE_TXN with default value 0 : a parameter called PCW_GP1_EN_MODIFIABLE_TXN already exists in processing_system7_v5_5






Copyright 1986-2022 Xilinx, Inc. All Rights Reserved. Copyright 2022-2025 Advanced Micro Devices, Inc. All Rights Reserved.
---------------------------------------------------------------------------------------------------------------------------------------------
| Tool Version : Vivado v.2025.2 (lin64) Build 6299465 Fri Nov 14 12:34:56 MST 2025
| Date         : Sat Nov 22 13:01:37 2025
| Host         : fasterraster running 64-bit Ubuntu 24.04.3 LTS
| Command      : upgrade_ip
| Device       : xc7z020clg484-1
---------------------------------------------------------------------------------------------------------------------------------------------

Upgrade Log for IP 'blockone_gmii_to_rgmii_0_1'

1. Summary
----------

SUCCESS in the upgrade of blockone_gmii_to_rgmii_0_1 (xilinx.com:ip:gmii_to_rgmii:4.1) from (Rev. 19) to (Rev. 21)






Copyright 1986-2022 Xilinx, Inc. All Rights Reserved. Copyright 2022-2025 Advanced Micro Devices, Inc. All Rights Reserved.
---------------------------------------------------------------------------------------------------------------------------------------------
| Tool Version : Vivado v.2025.2 (lin64) Build 6299465 Fri Nov 14 12:34:56 MST 2025
| Date         : Sat Nov 22 13:01:37 2025
| Host         : fasterraster running 64-bit Ubuntu 24.04.3 LTS
| Command      : upgrade_ip
| Device       : xc7z020clg484-1
---------------------------------------------------------------------------------------------------------------------------------------------

Upgrade Log for IP 'blockone_clk_wiz_0_0'

1. Summary
----------

SUCCESS in the upgrade of blockone_clk_wiz_0_0 (xilinx.com:ip:clk_wiz:6.0) from (Rev. 16) to (Rev. 17)






Copyright 1986-2022 Xilinx, Inc. All Rights Reserved. Copyright 2022-2025 Advanced Micro Devices, Inc. All Rights Reserved.
---------------------------------------------------------------------------------------------------------------------------------------------
| Tool Version : Vivado v.2025.2 (lin64) Build 6299465 Fri Nov 14 12:34:56 MST 2025
| Date         : Sat Nov 22 13:01:37 2025
| Host         : fasterraster running 64-bit Ubuntu 24.04.3 LTS
| Command      : upgrade_ip
| Device       : xc7z020clg484-1
---------------------------------------------------------------------------------------------------------------------------------------------

Upgrade Log for IP 'blockone_axi_interconnect_0_0'

1. Summary
----------

SUCCESS in the upgrade of blockone_axi_interconnect_0_0 (xilinx.com:ip:axi_interconnect:2.1) from (Rev. 37) to (Rev. 38)






Copyright 1986-2022 Xilinx, Inc. All Rights Reserved. Copyright 2022-2025 Advanced Micro Devices, Inc. All Rights Reserved.
---------------------------------------------------------------------------------------------------------------------------------------------
| Tool Version : Vivado v.2025.2 (lin64) Build 6299465 Fri Nov 14 12:34:56 MST 2025
| Date         : Sat Nov 22 13:01:33 2025
| Host         : fasterraster running 64-bit Ubuntu 24.04.3 LTS
| Command      : upgrade_ip
| Device       : xc7z020clg484-1
---------------------------------------------------------------------------------------------------------------------------------------------

Upgrade Log for IP 'blk_mem_gen_0'

1. Summary
----------

SUCCESS in the upgrade of blk_mem_gen_0 (xilinx.com:ip:blk_mem_gen:8.4) from (Rev. 11) to (Rev. 12)






Copyright 1986-2022 Xilinx, Inc. All Rights Reserved. Copyright 2022-2025 Advanced Micro Devices, Inc. All Rights Reserved.
---------------------------------------------------------------------------------------------------------------------------------------------
| Tool Version : Vivado v.2025.1 (win64) Build 6140274 Thu May 22 00:12:29 MDT 2025
| Date         : Fri Jun 20 16:42:59 2025
| Host         : fastturtle running 64-bit major release  (build 9200)
| Command      : upgrade_ip
| Device       : xc7z020clg484-1
---------------------------------------------------------------------------------------------------------------------------------------------

Upgrade Log for IP 'samplemem'

1. Summary
----------

SUCCESS in the upgrade of samplemem (xilinx.com:ip:blk_mem_gen:8.4) from (Rev. 10) to (Rev. 11)






Copyright 1986-2022 Xilinx, Inc. All Rights Reserved. Copyright 2022-2025 Advanced Micro Devices, Inc. All Rights Reserved.
---------------------------------------------------------------------------------------------------------------------------------------------
| Tool Version : Vivado v.2025.1 (win64) Build 6140274 Thu May 22 00:12:29 MDT 2025
| Date         : Fri Jun 20 16:42:58 2025
| Host         : fastturtle running 64-bit major release  (build 9200)
| Command      : upgrade_ip
| Device       : xc7z020clg484-1
---------------------------------------------------------------------------------------------------------------------------------------------

Upgrade Log for IP 'cmdfifo'

1. Summary
----------

SUCCESS in the upgrade of cmdfifo (xilinx.com:ip:fifo_generator:13.2) from (Rev. 12) to (Rev. 13)






Copyright 1986-2022 Xilinx, Inc. All Rights Reserved. Copyright 2022-2025 Advanced Micro Devices, Inc. All Rights Reserved.
---------------------------------------------------------------------------------------------------------------------------------------------
| Tool Version : Vivado v.2025.1 (win64) Build 6140274 Thu May 22 00:12:29 MDT 2025
| Date         : Fri Jun 20 16:42:55 2025
| Host         : fastturtle running 64-bit major release  (build 9200)
| Command      : upgrade_ip
| Device       : xc7z020clg484-1
---------------------------------------------------------------------------------------------------------------------------------------------

Upgrade Log for IP 'blockone_util_vector_logic_0_0'

1. Summary
----------

SUCCESS in the upgrade of blockone_util_vector_logic_0_0 (xilinx.com:ip:util_vector_logic:2.0) from (Rev. 4) to (Rev. 5)






Copyright 1986-2022 Xilinx, Inc. All Rights Reserved. Copyright 2022-2025 Advanced Micro Devices, Inc. All Rights Reserved.
---------------------------------------------------------------------------------------------------------------------------------------------
| Tool Version : Vivado v.2025.1 (win64) Build 6140274 Thu May 22 00:12:29 MDT 2025
| Date         : Fri Jun 20 16:42:55 2025
| Host         : fastturtle running 64-bit major release  (build 9200)
| Command      : upgrade_ip
| Device       : xc7z020clg484-1
---------------------------------------------------------------------------------------------------------------------------------------------

Upgrade Log for IP 'blockone_processing_system7_0_1'

1. Summary
----------

SUCCESS in the upgrade of blockone_processing_system7_0_1 (xilinx.com:ip:processing_system7:5.5) from (Rev. 6) to (Rev. 7)

2. Upgrade messages
-------------------

WARNING: upgrade cannot add parameter PCW_TRACE_INTERNAL_WIDTH with default value 32 : a parameter called PCW_TRACE_INTERNAL_WIDTH already exists in processing_system7_v5_5
WARNING: upgrade cannot add parameter PCW_USE_AXI_NONSECURE with default value 0 : a parameter called PCW_USE_AXI_NONSECURE already exists in processing_system7_v5_5
WARNING: upgrade cannot add parameter PCW_EN_PTP_ENET0 with default value 1 : a parameter called PCW_EN_PTP_ENET0 already exists in processing_system7_v5_5
WARNING: upgrade cannot add parameter PCW_EN_PTP_ENET0 with default value 1 : a parameter called PCW_EN_PTP_ENET0 already exists in processing_system7_v5_5
WARNING: upgrade cannot add parameter PCW_GP0_NUM_WRITE_THREADS with default value 4 : a parameter called PCW_GP0_NUM_WRITE_THREADS already exists in processing_system7_v5_5
WARNING: upgrade cannot add parameter PCW_GP0_NUM_READ_THREADS with default value 4 : a parameter called PCW_GP0_NUM_READ_THREADS already exists in processing_system7_v5_5
WARNING: upgrade cannot add parameter PCW_GP1_NUM_WRITE_THREADS with default value 4 : a parameter called PCW_GP1_NUM_WRITE_THREADS already exists in processing_system7_v5_5
WARNING: upgrade cannot add parameter PCW_GP1_NUM_READ_THREADS with default value 4 : a parameter called PCW_GP1_NUM_READ_THREADS already exists in processing_system7_v5_5
WARNING: upgrade cannot add parameter PCW_GP0_EN_MODIFIABLE_TXN with default value 0 : a parameter called PCW_GP0_EN_MODIFIABLE_TXN already exists in processing_system7_v5_5
WARNING: upgrade cannot add parameter PCW_GP1_EN_MODIFIABLE_TXN with default value 0 : a parameter called PCW_GP1_EN_MODIFIABLE_TXN already exists in processing_system7_v5_5






Copyright 1986-2022 Xilinx, Inc. All Rights Reserved. Copyright 2022-2025 Advanced Micro Devices, Inc. All Rights Reserved.
---------------------------------------------------------------------------------------------------------------------------------------------
| Tool Version : Vivado v.2025.1 (win64) Build 6140274 Thu May 22 00:12:29 MDT 2025
| Date         : Fri Jun 20 16:42:55 2025
| Host         : fastturtle running 64-bit major release  (build 9200)
| Command      : upgrade_ip
| Device       : xc7z020clg484-1
---------------------------------------------------------------------------------------------------------------------------------------------

Upgrade Log for IP 'blockone_proc_sys_reset_0_1'

1. Summary
----------

SUCCESS in the upgrade of blockone_proc_sys_reset_0_1 (xilinx.com:ip:proc_sys_reset:5.0) from (Rev. 16) to (Rev. 17)






Copyright 1986-2022 Xilinx, Inc. All Rights Reserved. Copyright 2022-2025 Advanced Micro Devices, Inc. All Rights Reserved.
---------------------------------------------------------------------------------------------------------------------------------------------
| Tool Version : Vivado v.2025.1 (win64) Build 6140274 Thu May 22 00:12:29 MDT 2025
| Date         : Fri Jun 20 16:42:55 2025
| Host         : fastturtle running 64-bit major release  (build 9200)
| Command      : upgrade_ip
| Device       : xc7z020clg484-1
---------------------------------------------------------------------------------------------------------------------------------------------

Upgrade Log for IP 'blockone_gmii_to_rgmii_0_1'

1. Summary
----------

SUCCESS in the upgrade of blockone_gmii_to_rgmii_0_1 (xilinx.com:ip:gmii_to_rgmii:4.1) from (Rev. 18) to (Rev. 19)






Copyright 1986-2022 Xilinx, Inc. All Rights Reserved. Copyright 2022-2025 Advanced Micro Devices, Inc. All Rights Reserved.
---------------------------------------------------------------------------------------------------------------------------------------------
| Tool Version : Vivado v.2025.1 (win64) Build 6140274 Thu May 22 00:12:29 MDT 2025
| Date         : Fri Jun 20 16:42:55 2025
| Host         : fastturtle running 64-bit major release  (build 9200)
| Command      : upgrade_ip
| Device       : xc7z020clg484-1
---------------------------------------------------------------------------------------------------------------------------------------------

Upgrade Log for IP 'blockone_clk_wiz_0_0'

1. Summary
----------

SUCCESS in the upgrade of blockone_clk_wiz_0_0 (xilinx.com:ip:clk_wiz:6.0) from (Rev. 15) to (Rev. 16)






Copyright 1986-2022 Xilinx, Inc. All Rights Reserved. Copyright 2022-2025 Advanced Micro Devices, Inc. All Rights Reserved.
---------------------------------------------------------------------------------------------------------------------------------------------
| Tool Version : Vivado v.2025.1 (win64) Build 6140274 Thu May 22 00:12:29 MDT 2025
| Date         : Fri Jun 20 16:42:55 2025
| Host         : fastturtle running 64-bit major release  (build 9200)
| Command      : upgrade_ip
| Device       : xc7z020clg484-1
---------------------------------------------------------------------------------------------------------------------------------------------

Upgrade Log for IP 'blockone_axi_interconnect_0_0'

1. Summary
----------

SUCCESS in the upgrade of blockone_axi_interconnect_0_0 (xilinx.com:ip:axi_interconnect:2.1) from (Rev. 36) to (Rev. 37)

